*** Using Compiler 'V5.06 update 7 (build 960)', folder: 'F:\SoftWareInstallFile\Keil5.34\ARM\ARMCC\Bin'
Build target 'LDBI016_SOUR'
compiling Drv_FpgaAds1259.c...
compiling Drv_FpgaPwmTemp.c...
compiling App_mCal.c...
compiling Drv_FpgaAd5683.c...
compiling app_main.c...
compiling Drv_Board.c...
compiling Drv_LDBI016.c...
compiling App_LDBI016.c...
compiling Drv_FpgaComm.c...
compiling Drv_FpgaGpio.c...
compiling Drv_FpgaPuls.c...
compiling SMU_Source.c...
..\App\SMU_Source.c(356): error:  #20: identifier "DEV_CMD_DAC_SEND_REAL" is undefined
          FpgaAD5683_3->Ctrl(DEV_CMD_DAC_SEND_REAL,3);
..\App\SMU_Source.c(397): error:  #20: identifier "DEV_CMD_DAC_SEND_DATA" is undefined
      FpgaAD5683_3->Ctrl(DEV_CMD_DAC_SEND_DATA,3);
..\App\SMU_Source.c(474): error:  #20: identifier "DEV_CMD_DAC_SEND_REAL" is undefined
          FpgaAD5683_3->Ctrl(DEV_CMD_DAC_SEND_REAL,3);
..\App\SMU_Source.c: 0 warnings, 3 errors
compiling devDriver_FpgaAD4000.c...
..\App\devDriver_FpgaAD4000.c(221): warning:  #111-D: statement is unreachable
  	DEV_CMD_GPR_CODE_END(DEV_CMD_ADC_START, *cmd)
..\App\devDriver_FpgaAD4000.c(227): warning:  #111-D: statement is unreachable
  	DEV_CMD_GPR_CODE_END(DEV_CMD_ADC_STOP, *cmd)
..\App\devDriver_FpgaAD4000.c(243): warning:  #111-D: statement is unreachable
  	DEV_CMD_GPR_CODE_END(DEV_CMD_ADC_MODE_CFG, *cmd)
..\App\devDriver_FpgaAD4000.c(259): warning:  #111-D: statement is unreachable
  	DEV_CMD_GPR_CODE_END(DEV_CMD_ADC_FILT_CFG, *cmd)
..\App\devDriver_FpgaAD4000.c(282): warning:  #111-D: statement is unreachable
  	DEV_CMD_GPR_CODE_END(DEV_CMD_ADC_SYNC_CFG, *cmd)
..\App\devDriver_FpgaAD4000.c(289): warning:  #111-D: statement is unreachable
  	DEV_CMD_GPR_CODE_END(DEV_CMD_ADC_RECV_DATA, *cmd)
..\App\devDriver_FpgaAD4000.c(296): warning:  #111-D: statement is unreachable
  	DEV_CMD_GPR_CODE_END(DEV_CMD_ADC_RECV_MEAR, *cmd)
..\App\devDriver_FpgaAD4000.c(303): warning:  #111-D: statement is unreachable
  	DEV_CMD_GPR_CODE_END(DEV_CMD_ADC_RECV_ORGN, *cmd)
..\App\devDriver_FpgaAD4000.c(310): warning:  #111-D: statement is unreachable
  	DEV_CMD_GPR_CODE_END(DEV_CMD_ADC_POINT_CFG, *cmd)
..\App\devDriver_FpgaAD4000.c(317): warning:  #111-D: statement is unreachable
  	DEV_CMD_GPR_CODE_END(DEV_CMD_ADC_DELAY_CFG, *cmd)
..\App\devDriver_FpgaAD4000.c(326): warning:  #111-D: statement is unreachable
  	DEV_CMD_GPR_CODE_END(DEV_CMD_ADC_CALB_CFG, *cmd)
..\App\devDriver_FpgaAD4000.c(339): warning:  #111-D: statement is unreachable
  	DEV_CMD_GPR_CODE_END(DEV_CMD_POWER_RST, *cmd)
..\App\devDriver_FpgaAD4000.c: 12 warnings, 0 errors
compiling devDriver_FpgaAD5761.c...
..\App\devDriver_FpgaAD5761.c(184): warning:  #1035-D: single-precision operand implicitly converted to double-precision
  			setVal = DEV_AD5761_VAL_ESTIMATE(buff[num]);
..\App\devDriver_FpgaAD5761.c(184): warning:  #1035-D: single-precision operand implicitly converted to double-precision
  			setVal = DEV_AD5761_VAL_ESTIMATE(buff[num]);
..\App\devDriver_FpgaAD5761.c(199): warning:  #1035-D: single-precision operand implicitly converted to double-precision
  			setVal = DEV_AD5761_VAL_ESTIMATE(buff[num]);
..\App\devDriver_FpgaAD5761.c(199): warning:  #1035-D: single-precision operand implicitly converted to double-precision
  			setVal = DEV_AD5761_VAL_ESTIMATE(buff[num]);
..\App\devDriver_FpgaAD5761.c(261): warning:  #111-D: statement is unreachable
  	DEV_CMD_GPR_CODE_END(DEV_CMD_DAC_START, *cmd)
..\App\devDriver_FpgaAD5761.c(267): warning:  #111-D: statement is unreachable
  	DEV_CMD_GPR_CODE_END(DEV_CMD_DAC_STOP, *cmd)
..\App\devDriver_FpgaAD5761.c(285): warning:  #111-D: statement is unreachable
  	DEV_CMD_GPR_CODE_END(DEV_CMD_DAC_SEND_DATA, *cmd)
..\App\devDriver_FpgaAD5761.c(292): warning:  #111-D: statement is unreachable
  	DEV_CMD_GPR_CODE_END(DEV_CMD_DAC_SEND_ORGN, *cmd)
..\App\devDriver_FpgaAD5761.c(304): warning:  #111-D: statement is unreachable
  	DEV_CMD_GPR_CODE_END(DEV_CMD_POWER_RST, *cmd)
..\App\devDriver_FpgaAD5761.c: 9 warnings, 0 errors
compiling devDriver_FpgaAD1259.c...
..\App\devDriver_FpgaAD1259.c(300): warning:  #111-D: statement is unreachable
  	DEV_CMD_GPR_CODE_END(DEV_CMD_ADC_START, *cmd)
..\App\devDriver_FpgaAD1259.c(306): warning:  #111-D: statement is unreachable
  	DEV_CMD_GPR_CODE_END(DEV_CMD_ADC_STOP, *cmd)
..\App\devDriver_FpgaAD1259.c(314): warning:  #111-D: statement is unreachable
  	DEV_CMD_GPR_CODE_END(DEV_CMD_ADC_RATE_CFG, *cmd)
..\App\devDriver_FpgaAD1259.c(321): warning:  #111-D: statement is unreachable
  	DEV_CMD_GPR_CODE_END(DEV_CMD_ADC_RECV_DATA, *cmd)
..\App\devDriver_FpgaAD1259.c(328): warning:  #111-D: statement is unreachable
  	DEV_CMD_GPR_CODE_END(DEV_CMD_ADC_RECV_MEAR, *cmd)
..\App\devDriver_FpgaAD1259.c(336): warning:  #111-D: statement is unreachable
  	DEV_CMD_GPR_CODE_END(DEV_CMD_ADC_DELAY_CFG, *cmd)
..\App\devDriver_FpgaAD1259.c(348): warning:  #111-D: statement is unreachable
  	DEV_CMD_GPR_CODE_END(DEV_CMD_POWER_RST, *cmd)
..\App\devDriver_FpgaAD1259.c: 7 warnings, 0 errors
compiling devDriver_FpgaAD5683.c...
..\App\devDriver_FpgaAD5683.c(129): warning:  #1035-D: single-precision operand implicitly converted to double-precision
  			setVal = (uint16_t)DEV_AD5683_VAL_ESTIMATE(buff[num]);
..\App\devDriver_FpgaAD5683.c(129): warning:  #1035-D: single-precision operand implicitly converted to double-precision
  			setVal = (uint16_t)DEV_AD5683_VAL_ESTIMATE(buff[num]);
..\App\devDriver_FpgaAD5683.c(144): warning:  #1035-D: single-precision operand implicitly converted to double-precision
  			setVal = (uint16_t)DEV_AD5683_VAL_ESTIMATE(buff[num]);
..\App\devDriver_FpgaAD5683.c(144): warning:  #1035-D: single-precision operand implicitly converted to double-precision
  			setVal = (uint16_t)DEV_AD5683_VAL_ESTIMATE(buff[num]);
..\App\devDriver_FpgaAD5683.c(201): warning:  #111-D: statement is unreachable
  	DEV_CMD_GPR_CODE_END(DEV_CMD_DAC_START, *cmd)
..\App\devDriver_FpgaAD5683.c(207): warning:  #111-D: statement is unreachable
  	DEV_CMD_GPR_CODE_END(DEV_CMD_DAC_STOP, *cmd)
..\App\devDriver_FpgaAD5683.c(225): warning:  #111-D: statement is unreachable
  	DEV_CMD_GPR_CODE_END(DEV_CMD_DAC_SEND_DATA, *cmd)
..\App\devDriver_FpgaAD5683.c(232): warning:  #111-D: statement is unreachable
  	DEV_CMD_GPR_CODE_END(DEV_CMD_DAC_SEND_REAL, *cmd)
..\App\devDriver_FpgaAD5683.c(243): warning:  #111-D: statement is unreachable
  	DEV_CMD_GPR_CODE_END(DEV_CMD_POWER_RST, *cmd)
..\App\devDriver_FpgaAD5683.c: 9 warnings, 0 errors
compiling stm32f4xx_it.c...
compiling main.c...
../Bsp/STM32xx_Board/main_defs.h(51): warning:  #1215-D: #warning directive: ±ÿ–Î π”√ª„±‡±‡“Î√¸¡Ó: --cpreproc --cpreproc_opts=-DSystemInit="Platform_BareInit"
      #warning ±ÿ–Î π”√ª„±‡±‡“Î√¸¡Ó: --cpreproc --cpreproc_opts=-DSystemInit="Platform_BareInit"
..\App\Port\Device\STM32F429ZGTx\main.c: 1 warning, 0 errors
assembling startup_stm32f429xx.s...
compiling system_stm32f4xx.c...
compiling stdio_UART.c...
compiling stm32f4xx_hal_dma.c...
compiling misc.c...
compiling Flash_STM32xx.c...
compiling Board_Device.c...
compiling USART_STM32F4xx.c...
compiling stm32f4xx_rcc.c...
compiling stm32f4xx_adc.c...
compiling stm32f4xx_dac.c...
compiling stm32f4xx_can.c...
compiling stm32f4xx_dma.c...
compiling stm32f4xx_flash.c...
compiling stm32f4xx_fsmc.c...
compiling stm32f4xx_gpio.c...
compiling stm32f4xx_exti.c...
compiling stm32f4xx_i2c.c...
compiling retarget_io.c...
compiling stm32f4xx_spi.c...
compiling stm32f4xx_syscfg.c...
compiling emb_printk.c...
compiling stm32f4xx_tim.c...
compiling stm32f4xx_usart.c...
compiling emb_prompt.c...
compiling emb_platform.c...
compiling Cmd_RS232.c...
compiling emb_rtcfg_flash.c...
compiling Cmd_App.c...
compiling Cmd_UART1.c...
compiling Cmd_RS485.c...
compiling EventRecorder.c...
compiling Cmd_UART2.c...
compiling Cmd_SPIx.c...
compiling easyflash.c...
compiling Cmd_SPIy.c...
compiling ef_env.c...
compiling Cmd_TCP.c...
compiling cm_backtrace.c...
compiling ef_iap.c...
compiling version.c...
compiling ef_log.c...
compiling ef_utils.c...
compiling cli_shell.c...
compiling ef_port.c...
compiling rtx_evr.c...
compiling rtx_delay_.c...
compiling rtx_evflags.c...
compiling rtx_memory.c...
compiling rtx_mempool.c...
compiling rtx_kernel.c...
compiling rtx_mutex.c...
compiling rtx_msgqueue.c...
compiling rtx_semaphore.c...
compiling rtx_lib.c...
compiling rtx_system.c...
compiling RTX_Config.c...
compiling rtx_timer.c...
assembling irq_cm4f.s...
compiling os_systick.c...
compiling rtx_thread.c...
".\Objects\Output.axf" - 3 Error(s), 38 Warning(s).
Target not created.
Build Time Elapsed:  00:00:16
